=== current session + compositor hints ===
SESSION  UID USER    SEAT  LEADER CLASS   TTY  IDLE SINCE
      2 1001 hydenix seat0 20853  user    tty2 no   -
      3 1001 hydenix -     20861  manager -    no   -

2 sessions listed.

=== GPU devices ===
	Subsystem: Acer Incorporated [ALI] Device [1025:143d]
	Kernel driver in use: skl_uncore
00:01.0 PCI bridge [0604]: Intel Corporation 6th-10th Gen Core Processor PCIe Controller (x16) [8086:1901] (rev 02)
	Subsystem: Acer Incorporated [ALI] Device [1025:143d]
	Kernel driver in use: pcieport
00:02.0 VGA compatible controller [0300]: Intel Corporation CometLake-H GT2 [UHD Graphics] [8086:9bc4] (rev 05)
	Subsystem: Acer Incorporated [ALI] Device [1025:143d]
	Kernel driver in use: i915
	Kernel modules: i915
00:04.0 Signal processing controller [1180]: Intel Corporation Xeon E3-1200 v5/E3-1500 v5/6th Gen Core Processor Thermal Subsystem [8086:1903] (rev 02)
	Subsystem: Acer Incorporated [ALI] Device [1025:143d]
	Kernel driver in use: proc_thermal
	Kernel modules: processor_thermal_device_pci_legacy
00:08.0 System peripheral [0880]: Intel Corporation Xeon E3-1200 v5/v6 / E3-1500 v5 / 6th/7th/8th Gen Core Processor Gaussian Mixture Model [8086:1911]
	Subsystem: Acer Incorporated [ALI] Device [1025:143d]
00:12.0 Signal processing controller [1180]: Intel Corporation Comet Lake PCH Thermal Controller [8086:06f9]
	Subsystem: Acer Incorporated [ALI] Device [1025:143d]
	Kernel driver in use: intel_pch_thermal
	Kernel modules: intel_pch_thermal
00:14.0 USB controller [0c03]: Intel Corporation Comet Lake USB 3.1 xHCI Host Controller [8086:06ed]
	Subsystem: Acer Incorporated [ALI] Device [1025:143d]
	Kernel driver in use: xhci_hcd
	Kernel modules: xhci_pci
00:14.2 RAM memory [0500]: Intel Corporation Comet Lake PCH Shared SRAM [8086:06ef]
	Subsystem: Acer Incorporated [ALI] Device [1025:143d]
00:14.3 Network controller [0280]: Intel Corporation Comet Lake PCH CNVi WiFi [8086:06f0]
	Subsystem: Intel Corporation Dual Band Wi-Fi 6(802.11ax) AX201 160MHz 2x2 [Harrison Peak] [8086:0074]
	Kernel driver in use: iwlwifi
--
	Subsystem: Acer Incorporated [ALI] Device [1025:143d]
	Kernel driver in use: intel-lpss
	Kernel modules: intel_lpss_pci
00:15.1 Serial bus controller [0c80]: Intel Corporation Comet Lake PCH Serial IO I2C Controller #1 [8086:06e9]
	Subsystem: Acer Incorporated [ALI] Device [1025:143d]
	Kernel driver in use: intel-lpss
	Kernel modules: intel_lpss_pci
00:16.0 Communication controller [0780]: Intel Corporation Comet Lake HECI Controller [8086:06e0]
	Subsystem: Acer Incorporated [ALI] Device [1025:143d]
	Kernel driver in use: mei_me
	Kernel modules: mei_me
00:17.0 SATA controller [0106]: Intel Corporation Device [8086:06d3]
	Subsystem: Acer Incorporated [ALI] Device [1025:143d]
	Kernel driver in use: ahci
	Kernel modules: ahci
00:1b.0 PCI bridge [0604]: Intel Corporation Comet Lake PCI Express Root Port #21 [8086:06ac] (rev f0)
	Subsystem: Acer Incorporated [ALI] Device [1025:143d]
	Kernel driver in use: pcieport
00:1d.0 PCI bridge [0604]: Intel Corporation Device [8086:06b5] (rev f0)
	Subsystem: Acer Incorporated [ALI] Device [1025:143d]
	Kernel driver in use: pcieport
00:1f.0 ISA bridge [0601]: Intel Corporation Comet Lake LPC Controller [8086:068d]
	Subsystem: Acer Incorporated [ALI] Device [1025:143d]
00:1f.3 Audio device [0403]: Intel Corporation Comet Lake PCH cAVS [8086:06c8]
	Subsystem: Acer Incorporated [ALI] Device [1025:143d]
	Kernel driver in use: snd_hda_intel
	Kernel modules: snd_soc_avs, snd_sof_pci_intel_cnl, snd_hda_intel
00:1f.4 SMBus [0c05]: Intel Corporation Comet Lake PCH SMBus Controller [8086:06a3]
	Subsystem: Acer Incorporated [ALI] Device [1025:143d]
	Kernel driver in use: i801_smbus
	Kernel modules: i2c_i801
00:1f.5 Serial bus controller [0c80]: Intel Corporation Comet Lake PCH SPI Controller [8086:06a4]
	Subsystem: Acer Incorporated [ALI] Device [1025:143d]
	Kernel driver in use: intel-spi
	Kernel modules: spi_intel_pci
01:00.0 VGA compatible controller [0300]: NVIDIA Corporation GA107M [GeForce RTX 3050 Mobile] [10de:25a5] (rev a1)
	Subsystem: Acer Incorporated [ALI] Device [1025:143e]
	Kernel driver in use: nouveau
	Kernel modules: nvidiafb, nouveau, nova_core
--
06:00.0 Non-Volatile memory controller [0108]: Sandisk Corp SanDisk Ultra 3D / WD PC SN530, IX SN530, Blue SN550 NVMe SSD (DRAM-less) [15b7:5009] (rev 01)
	Subsystem: Sandisk Corp WD Blue SN550 NVMe SSD [15b7:5009]
	Kernel driver in use: nvme
	Kernel modules: nvme
--
	Subsystem: Acer Incorporated [ALI] Device [1025:143d]
	Kernel driver in use: r8169
	Kernel modules: r8169
