=== check /sys/power ===
total 0
-rw-r--r-- 1 root root 4096 Jan  8 17:02 disk
-rw-r--r-- 1 root root 4096 Jan  8 17:02 freeze_filesystems
-rw-r--r-- 1 root root 4096 Jan  8 17:02 image_size
-rw-r--r-- 1 root root 4096 Jan  8 17:02 mem_sleep
-rw-r--r-- 1 root root 4096 Jan  8 17:02 pm_async
-rw-r--r-- 1 root root 4096 Jan  8 17:02 pm_debug_messages
-rw-r--r-- 1 root root 4096 Jan  8 17:02 pm_freeze_timeout
-rw-r--r-- 1 root root 4096 Jan  8 17:02 pm_print_times
-rw-r--r-- 1 root root 4096 Jan  8 17:02 pm_test
-rw-r--r-- 1 root root 4096 Jan  8 17:02 pm_trace
-r--r--r-- 1 root root 4096 Jan  8 17:02 pm_trace_dev_match
-r--r--r-- 1 root root 4096 Jan  8 17:02 pm_wakeup_irq
-rw-r--r-- 1 root root 4096 Jan  8 17:02 reserved_size
-rw-r--r-- 1 root root 4096 Jan  8 17:02 resume
-rw-r--r-- 1 root root 4096 Jan  8 17:02 resume_offset
-rw-r--r-- 1 root root 4096 Jan  8 16:58 state
drwxr-xr-x 2 root root    0 Jan  8 17:02 suspend_stats
-rw-r--r-- 1 root root 4096 Jan  8 17:02 sync_on_suspend
-rw-r--r-- 1 root root 4096 Jan  8 17:02 wake_lock
-rw-r--r-- 1 root root 4096 Jan  8 17:02 wake_unlock
-rw-r--r-- 1 root root 4096 Jan  8 17:02 wakeup_count

disk:
[platform] shutdown reboot suspend test_resume

state:
freeze mem disk

=== systemctl status sleep/hibernate targets ===
○ sleep.target - Sleep
     Loaded: loaded (/etc/systemd/system/sleep.target; linked; preset: ignored)
     Active: inactive (dead)
       Docs: man:systemd.special(7)

Jan 08 16:58:32 hydenix systemd[1]: Reached target Sleep.
Jan 08 16:58:41 hydenix systemd[1]: Stopped target Sleep.
Jan 08 16:58:56 hydenix systemd[1]: Reached target Sleep.
Jan 08 16:59:57 hydenix systemd[1]: Stopped target Sleep.

○ suspend.target - Suspend
     Loaded: loaded (/etc/systemd/system/suspend.target; linked; preset: ignored)
     Active: inactive (dead)
       Docs: man:systemd.special(7)

Jan 08 16:58:41 hydenix systemd[1]: Reached target Suspend.
Jan 08 16:58:41 hydenix systemd[1]: Stopped target Suspend.

○ hibernate.target - System Hibernation
     Loaded: loaded (/etc/systemd/system/hibernate.target; linked; preset: ignored)
     Active: inactive (dead)
       Docs: man:systemd.special(7)

Jan 08 16:59:57 hydenix systemd[1]: Reached target System Hibernation.
Jan 08 16:59:57 hydenix systemd[1]: Stopped target System Hibernation.

○ hybrid-sleep.target - Hybrid Suspend+Hibernate
     Loaded: loaded (/etc/systemd/system/hybrid-sleep.target; linked; preset: ignored)
     Active: inactive (dead)
       Docs: man:systemd.special(7)
